<?xml version="1.0" encoding="UTF-8"?>
<testsuites name="jest tests" tests="2" failures="1" errors="0" time="5.419">
  <testsuite name="undefined" errors="0" failures="1" skipped="1" timestamp="2023-07-27T09:58:36" time="4.81" tests="2">
    <testcase classname=" Show App Component" name=" Show App Component" time="0">
      <skipped/>
    </testcase>
    <testcase classname=" should be rendered with 3 records" name=" should be rendered with 3 records" time="1.375">
      <failure>Error: Unable to find role=&quot;appointment&quot;

Ignored nodes: comments, script, style
&lt;body
  class=&quot;dx-device-desktop dx-device-generic&quot;
&gt;
  &lt;div&gt;
    &lt;p&gt;
      Calendar
    &lt;/p&gt;
    &lt;div
      class=&quot;dx-scheduler dx-widget dx-visibility-change-handler dx-scheduler-small&quot;
      style=&quot;height: 600px;&quot;
    &gt;
      &lt;div
        class=&quot;dx-scheduler-container&quot;
      &gt;
        &lt;div
          class=&quot;dx-scheduler-header dx-widget&quot;
          tabindex=&quot;0&quot;
        &gt;
          &lt;div
            class=&quot;dx-widget dx-scheduler-navigator-calendar-popover dx-overlay dx-popup dx-popover dx-state-invisible dx-visibility-change-handler&quot;
            tabindex=&quot;0&quot;
          &gt;
            &lt;div
              aria-hidden=&quot;true&quot;
              class=&quot;dx-overlay-content dx-popup-fullscreen-width dx-popup-normal&quot;
              style=&quot;width: auto; height: auto;&quot;
            &gt;
              &lt;div
                class=&quot;dx-popover-arrow&quot;
              /&gt;
              &lt;div
                class=&quot;dx-popup-content&quot;
              /&gt;
            &lt;/div&gt;
          &lt;/div&gt;
          &lt;div
            class=&quot;dx-toolbar dx-widget dx-visibility-change-handler dx-collection&quot;
            role=&quot;toolbar&quot;
          &gt;
            &lt;div
              class=&quot;dx-toolbar-items-container&quot;
            &gt;
              &lt;div
                class=&quot;dx-toolbar-before&quot;
              &gt;
                &lt;div
                  class=&quot;dx-item dx-toolbar-item dx-toolbar-button dx-scheduler-navigator&quot;
                &gt;
                  &lt;div
                    class=&quot;dx-item-content dx-toolbar-item-content&quot;
                  &gt;
                    &lt;div
                      class=&quot;dx-buttongroup dx-widget&quot;
                      role=&quot;group&quot;
                      tabindex=&quot;0&quot;
                    &gt;
                      &lt;div
                        class=&quot;dx-buttongroup-wrapper dx-widget dx-collection&quot;
                      &gt;
                        &lt;div
                          aria-label=&quot;chevronprev&quot;
                          class=&quot;dx-widget dx-button dx-button-mode-contained dx-button-normal dx-button-has-icon dx-item dx-buttongroup-item dx-item-content dx-buttongroup-item-content dx-buttongroup-first-item dx-shape-standard dx-scheduler-navigator-previous&quot;
                          role=&quot;button&quot;
                        &gt;
                          &lt;div
                            class=&quot;dx-button-content&quot;
                          &gt;
                            &lt;i
                              class=&quot;dx-icon dx-icon-chevronprev&quot;
                            /&gt;
                          &lt;/div&gt;
                        &lt;/div&gt;
                        &lt;div
                          aria-label=&quot;July 2023&quot;
                          class=&quot;dx-widget dx-button dx-button-mode-contained dx-button-normal dx-button-has-text dx-item dx-buttongroup-item dx-item-content dx-buttongroup-item-content dx-shape-standard dx-scheduler-navigator-caption&quot;
                          role=&quot;button&quot;
                        &gt;
                          &lt;div
                            class=&quot;dx-button-content&quot;
                          &gt;
                            &lt;span
                              class=&quot;dx-button-text&quot;
                            &gt;
                              July 2023
                            &lt;/span&gt;
                          &lt;/div&gt;
                        &lt;/div&gt;
                        &lt;div
                          aria-label=&quot;chevronnext&quot;
                          class=&quot;dx-widget dx-button dx-button-mode-contained dx-button-normal dx-button-has-icon dx-item dx-buttongroup-item dx-item-content dx-buttongroup-item-content dx-buttongroup-last-item dx-shape-standard dx-scheduler-navigator-next&quot;
                          role=&quot;button&quot;
                        &gt;
                          &lt;div
                            class=&quot;dx-button-content&quot;
                          &gt;
                            &lt;i
                              class=&quot;dx-icon dx-icon-chevronnext&quot;
                            /&gt;
                          &lt;/div&gt;
                        &lt;/div&gt;
                      &lt;/div&gt;
                    &lt;/div&gt;
                  &lt;/div&gt;
                &lt;/div&gt;
              &lt;/div&gt;
              &lt;div
                class=&quot;dx-toolbar-center&quot;
              /&gt;
              &lt;div
                class=&quot;dx-toolbar-after&quot;
              &gt;
                &lt;div
                  class=&quot;dx-item dx-toolbar-item dx-toolbar-button dx-scheduler-view-switcher dx-toolbar-item-auto-hide&quot;
                &gt;
                  &lt;div
                    class=&quot;dx-item-content dx-toolbar-item-content&quot;
                  &gt;
                    &lt;div
                      class=&quot;dx-buttongroup dx-widget&quot;
                      role=&quot;group&quot;
                      tabindex=&quot;0&quot;
                    &gt;
                      &lt;div
                        class=&quot;dx-buttongroup-wrapper dx-widget dx-collection&quot;
                      &gt;
                        &lt;div
                          aria-label=&quot;Month&quot;
                          aria-selected=&quot;true&quot;
                          class=&quot;dx-widget dx-button dx-button-mode-contained dx-button-normal dx-button-has-text dx-item dx-buttongroup-item dx-item-content dx-buttongroup-item-content dx-buttongroup-first-item dx-buttongroup-last-item dx-shape-standard dx-item-selected&quot;
                          role=&quot;button&quot;
                        &gt;
                          &lt;div
                            class=&quot;dx-button-content&quot;
                          &gt;
                            &lt;span
                              class=&quot;dx-button-text&quot;
                            &gt;
                              Month
                            &lt;/span&gt;
                          &lt;/div&gt;
                        &lt;/div&gt;
                      &lt;/div&gt;
                    &lt;/div&gt;
                  &lt;/div&gt;
                &lt;/div&gt;
                &lt;div
                  class=&quot;dx-toolbar-button dx-toolbar-menu-container dx-state-invisible&quot;
                &gt;
                  &lt;div
                    aria-expanded=&quot;false&quot;
                    aria-haspopup=&quot;true&quot;
                    aria-label=&quot;overflow&quot;
                    class=&quot;dx-widget dx-button dx-button-mode-contained dx-button-normal dx-button-has-icon dx-dropdownmenu dx-dropdownmenu-button&quot;
                    role=&quot;button&quot;
                    tabindex=&quot;0&quot;
                  &gt;
                    &lt;div
                      class=&quot;dx-button-content&quot;
                    &gt;
                      &lt;i
                        class=&quot;dx-icon dx-icon-overflow&quot;
                      /&gt;
                    &lt;/div&gt;
                  &lt;/div&gt;
                &lt;/div&gt;
              &lt;/div&gt;
            &lt;/div&gt;
          &lt;/div&gt;
        &lt;/div&gt;
        &lt;div
          class=&quot;dx-scheduler-work-space-odd-cells dx-scheduler-work-space dx-scheduler-work-space-month dx-widget dx-visibility-change-handler&quot;
          tabindex=&quot;0&quot;
        &gt;
          &lt;div
            class=&quot;dx-scheduler-fixed-appointments&quot;
          /&gt;
          &lt;div
            class=&quot;dx-scheduler-header-panel-container&quot;
          &gt;
            &lt;div
              class=&quot;dx-scheduler-header-tables-container&quot;
            &gt;
              &lt;table
                class=&quot;dx-scheduler-header-panel&quot;
              &gt;
                &lt;thead&gt;
                  &lt;tr
                    class=&quot;dx-scheduler-header-row&quot;
                  &gt;
                    &lt;th
                      class=&quot;dx-scheduler-first-group-cell dx-scheduler-header-panel-cell dx-scheduler-cell-sizes-horizontal&quot;
                      colspan=&quot;1&quot;
                      title=&quot;Sun&quot;
                    &gt;
                      Sun
                    &lt;/th&gt;
                    &lt;th
                      class=&quot;dx-scheduler-header-panel-cell dx-scheduler-cell-sizes-horizontal&quot;
                      colspan=&quot;1&quot;
                      title=&quot;Mon&quot;
                    &gt;
                      Mon
                    &lt;/th&gt;
                    &lt;th
                      class=&quot;dx-scheduler-header-panel-cell dx-scheduler-cell-sizes-horizontal&quot;
                      colspan=&quot;1&quot;
                      title=&quot;Tue&quot;
                    &gt;
                      Tue
                    &lt;/th&gt;
                    &lt;th
                      class=&quot;dx-scheduler-header-panel-cell dx-scheduler-cell-sizes-horizontal&quot;
                      colspan=&quot;1&quot;
                      title=&quot;Wed&quot;
                    &gt;
                      Wed
                    &lt;/th&gt;
                    &lt;th
                      class=&quot;dx-scheduler-header-panel-cell dx-scheduler-cell-sizes-horizontal&quot;
                      colspan=&quot;1&quot;
                      title=&quot;Thu&quot;
                    &gt;
                      Thu
                    &lt;/th&gt;
                    &lt;th
                      class=&quot;dx-scheduler-header-panel-cell dx-scheduler-cell-sizes-horizontal&quot;
                      colspan=&quot;1&quot;
                      title=&quot;Fri&quot;
                    &gt;
                      Fri
                    &lt;/th&gt;
                    &lt;th
                      class=&quot;dx-scheduler-last-group-cell dx-scheduler-header-panel-cell dx-scheduler-cell-sizes-horizontal&quot;
                      colspan=&quot;1&quot;
                      title=&quot;Sat&quot;
                    &gt;
                      Sat
                    &lt;/th&gt;
                  &lt;/tr&gt;
                &lt;/thead&gt;
              &lt;/table&gt;
              &lt;div
                class=&quot;dx-scheduler-all-day-panel&quot;
              &gt;
                &lt;div
                  class=&quot;dx-scheduler-all-day-appointments dx-draggable&quot;
                /&gt;
                &lt;table /&gt;
              &lt;/div&gt;
            &lt;/div&gt;
          &lt;/div&gt;
          &lt;div
            class=&quot;dx-scheduler-date-table-scrollable dx-scrollable dx-visibility-change-handler dx-scrollable-vertical dx-scrollable-simulated&quot;
          &gt;
            &lt;div
              class=&quot;dx-scrollable-wrapper&quot;
            &gt;
              &lt;div
                class=&quot;dx-scrollable-container&quot;
              &gt;
                &lt;div
                  class=&quot;dx-scrollable-content&quot;
                  style=&quot;left: 0px; top: 0px; transform: none;&quot;
                &gt;
                  &lt;div
                    class=&quot;dx-scheduler-date-table-scrollable-content&quot;
                  &gt;
                    &lt;table
                      class=&quot;dx-scheduler-time-panel&quot;
                    /&gt;
                    &lt;div
                      class=&quot;dx-scheduler-date-table-container dx-draggable&quot;
                    &gt;
                      &lt;table
                        class=&quot;dx-scheduler-date-table&quot;
                      &gt;
                        &lt;tbody&gt;
                          &lt;tr
                            class=&quot;dx-scheduler-date-table-row&quot;
                          &gt;
                            &lt;td
                              class=&quot;dx-scheduler-first-group-cell dx-scheduler-cell-sizes-horizontal dx-scheduler-cell-sizes-vertical dx-scheduler-date-table-cell dx-scheduler-date-table-other-month&quot;
                            &gt;
                              &lt;div
                                class=&quot;dx-scheduler-date-table-cell-text&quot;
                              &gt;
                                25
                              &lt;/div&gt;
                            &lt;/td&gt;
                            &lt;td
                              class=&quot;dx-scheduler-cell-sizes-horizontal dx-scheduler-cell-sizes-vertical dx-scheduler-date-table-cell dx-scheduler-date-table-other-month&quot;
                            &gt;
                              &lt;div
                                class=&quot;dx-scheduler-date-table-cell-text&quot;
                              &gt;
                                26
                              &lt;/div&gt;
                            &lt;/td&gt;
                            &lt;td
                              class=&quot;dx-scheduler-cell-sizes-horizontal dx-scheduler-cell-sizes-vertical dx-scheduler-date-table-cell dx-scheduler-date-table-other-month&quot;
                            &gt;
                              &lt;div
                                class=&quot;dx-scheduler-date-table-cell-text&quot;
                              &gt;
                                27
                              &lt;/div&gt;
                            &lt;/td&gt;
                            &lt;td
                              class=&quot;dx-scheduler-cell-sizes-horizontal dx-scheduler-cell-sizes-vertical dx-scheduler-date-table-cell dx-scheduler-date-table-other-month&quot;
                            &gt;
                              &lt;div
                                class=&quot;dx-scheduler-date-table-cell-text&quot;
                              &gt;
                                28
                              &lt;/div&gt;
                            &lt;/td&gt;
                            &lt;td
                              class=&quot;dx-scheduler-cell-sizes-horizontal dx-scheduler-cell-sizes-vertical dx-scheduler-date-table-cell dx-scheduler-date-table-other-month&quot;
                            &gt;
                              &lt;div
                                class=&quot;dx-scheduler-date-table-cell-text&quot;
                              &gt;
                                29
                              &lt;/div&gt;
                            &lt;/td&gt;
                            &lt;td
                              class=&quot;dx-scheduler-cell-sizes-horizontal dx-scheduler-cell-sizes-vertical dx-scheduler-date-table-cell dx-scheduler-date-table-other-month&quot;
                            &gt;
                              &lt;div
                                class=&quot;dx-scheduler-date-table-cell-text&quot;
                              &gt;
                                30
                              &lt;/div&gt;
                            &lt;/td&gt;
                            &lt;td
                              class=&quot;dx-scheduler-last-group-cell dx-scheduler-cell-sizes-horizontal dx-scheduler-cell-sizes-vertical dx-scheduler-date-table-cell &quot;
                            &gt;
                              &lt;div
                                class=&quot;dx-scheduler-date-table-cell-text&quot;
                              &gt;
                                01
                              &lt;/div&gt;
                            &lt;/td&gt;
                          &lt;/tr&gt;
                          &lt;tr
                            class=&quot;dx-scheduler-date-table-row&quot;
                          &gt;
                            &lt;td
                              class=&quot;dx-scheduler-first-group-cell dx-scheduler-cell-sizes-horizontal dx-scheduler-cell-sizes-vertical dx-scheduler-date-table-cell &quot;
                            &gt;
                              &lt;div
                                class=&quot;dx-scheduler-date-table-cell-text&quot;
                              &gt;
                                02
                              &lt;/div&gt;
                            &lt;/td&gt;
                            &lt;td
                              class=&quot;dx-scheduler-cell-sizes-horizontal dx-scheduler-cell-sizes-vertical dx-scheduler-date-table-cell &quot;
                            &gt;
                              &lt;div
                                class=&quot;dx-scheduler-date-table-cell-text&quot;
                              &gt;
                                03
                              &lt;/div&gt;
                            &lt;/td&gt;
                            &lt;td
                              class=&quot;dx-scheduler-cell-sizes-horizontal dx-scheduler-cell-sizes-vertical dx-scheduler-date-table-cell &quot;
                            &gt;
                              &lt;div
                                class=&quot;dx-scheduler-date-table-cell-text&quot;
                              &gt;
                                04
                              &lt;/div&gt;
                            &lt;/td&gt;
                            &lt;td
                              class=&quot;dx-scheduler-cell-sizes-horizontal dx-scheduler-cell-sizes-vertical dx-scheduler-date-table-cell &quot;
                            &gt;
                              &lt;div
                                class=&quot;dx-scheduler-date-table-cell-text&quot;
                              &gt;
                                05
                              &lt;/div&gt;
                            &lt;/td&gt;
                            &lt;td
                              class=&quot;dx-scheduler-cell-sizes-horizontal dx-scheduler-cell-sizes-vertical dx-scheduler-date-table-cell &quot;
                            &gt;
                              &lt;div
                                class=&quot;dx-scheduler-date-table-cell-text&quot;
                              &gt;
                                06
                              &lt;/div&gt;
                            &lt;/td&gt;
                            &lt;td
                              class=&quot;dx-scheduler-cell-sizes-horizontal dx-scheduler-cell-sizes-vertical dx-scheduler-date-table-cell &quot;
                            &gt;
                              &lt;div
                                class=&quot;dx-scheduler-date-table-cell-text&quot;
                              &gt;
                                07
                              &lt;/div&gt;
                            &lt;/td&gt;
                            &lt;td
                              class=&quot;dx-scheduler-last-group-cell dx-scheduler-cell-sizes-horizontal dx-scheduler-cell-sizes-vertical dx-scheduler-date-table-cell &quot;
                            &gt;
                              &lt;div
                                class=&quot;dx-scheduler-date-table-cell-text&quot;
                              &gt;
                                08
                              &lt;/div&gt;
                            &lt;/td&gt;
                          &lt;/tr&gt;
                          &lt;tr
                            class=&quot;dx-scheduler-date-table-row&quot;
                          &gt;
                            &lt;td
                              class=&quot;dx-scheduler-first-group-cell dx-scheduler-cell-sizes-horizontal dx-scheduler-cell-sizes-vertical dx-scheduler-date-table-cell &quot;
                            &gt;
                              &lt;div
                                class=&quot;dx-scheduler-date-table-cell-text&quot;
                              &gt;
                                09
                              &lt;/div&gt;
                            &lt;/td&gt;
                            &lt;td
                              class=&quot;dx-scheduler-cell-sizes-horizontal dx-scheduler-cell-sizes-vertical dx-scheduler-date-table-cell &quot;
                            &gt;
                              &lt;div
                                class=&quot;dx-scheduler-date-table-cell-text&quot;
                              &gt;
                                10
                              &lt;/div&gt;
                            &lt;/td&gt;
                            &lt;td
                              class=&quot;dx-scheduler-cell-sizes-horizontal dx-scheduler-cell-sizes-vertical dx-scheduler-date-table-cell &quot;
                            &gt;
                              &lt;div
                                class=&quot;dx-scheduler-date-table-cell-text&quot;
                              &gt;
                                11
                              &lt;/div&gt;
                            &lt;/td&gt;
                            &lt;td
                              class=&quot;dx-scheduler-cell-sizes-horizontal dx-scheduler-cell-sizes-vertical dx-scheduler-date-table-cell &quot;
                            &gt;
                              &lt;div
                                class=&quot;dx-scheduler-date-table-cell-text&quot;
                              &gt;
                                12
                              &lt;/div&gt;
                            &lt;/td&gt;
                            &lt;td
                              class=&quot;dx-scheduler-cell-sizes-horizontal dx-scheduler-cell-sizes-vertical dx-scheduler-date-table-cell &quot;
                            &gt;
                              &lt;div
                                class=&quot;dx-scheduler-date-table-cell-text&quot;
                              &gt;
                                13
                              &lt;/div&gt;
                            &lt;/td&gt;
                            &lt;td
                              class=&quot;dx-scheduler-cell-sizes-horizontal dx-scheduler-cell-sizes-vertical dx-scheduler-date-table-cell &quot;
                            &gt;
                              &lt;div
                                class=&quot;dx-scheduler-date-table-cell-text&quot;
                              &gt;
                                14
                              &lt;/div&gt;
                            &lt;/td&gt;
                            &lt;td
                              class=&quot;dx-scheduler-last-group-cell dx-scheduler-cell-sizes-horizontal dx-scheduler-cell-sizes-vertical dx-scheduler-date-table-cell &quot;
                            &gt;
                              &lt;div
                                class=&quot;dx-scheduler-date-table-cell-text&quot;
                              &gt;
                                15
                              &lt;/div&gt;
                            &lt;/td&gt;
                          &lt;/tr&gt;
                          &lt;tr
                            class=&quot;dx-scheduler-date-table-row&quot;
                          &gt;
                            &lt;td
                              class=&quot;dx-scheduler-first-group-cell dx-scheduler-cell-sizes-horizontal dx-scheduler-cell-sizes-vertical dx-scheduler-date-table-cell &quot;
                            &gt;
                              &lt;div
                                class=&quot;dx-scheduler-date-table-cell-text&quot;
                              &gt;
                                16
                              &lt;/div&gt;
                            &lt;/td&gt;
                            &lt;td
                              class=&quot;dx-scheduler-cell-sizes-horizontal dx-scheduler-cell-sizes-vertical dx-scheduler-date-table-cell &quot;
                            &gt;
                              &lt;div
                                class=&quot;dx-scheduler-date-table-cell-text&quot;
                              &gt;
                                17
                              &lt;/div&gt;
                            &lt;/td&gt;
                            &lt;td
                              class=&quot;dx-scheduler-cell-sizes-horizontal dx-scheduler-cell-sizes-vertical dx-scheduler-date-table-cell &quot;
                            &gt;
                              &lt;div
                                class=&quot;dx-scheduler-date-table-cell-text&quot;
                              &gt;
                                18
                              &lt;/div&gt;
                            &lt;/td&gt;
                            &lt;td
                              class=&quot;dx-scheduler-cell-sizes-horizontal dx-scheduler-cell-sizes-vertical dx-scheduler-date-table-cell &quot;
                            &gt;
                              &lt;div
                                class=&quot;dx-scheduler-date-table-cell-text&quot;
                              &gt;
                                19
                              &lt;/div&gt;
                            &lt;/td&gt;
                            &lt;td
                              class=&quot;dx-scheduler-cell-sizes-horizontal dx-scheduler-cell-sizes-vertical dx-scheduler-date-table-cell &quot;
                            &gt;
                              &lt;div
                                class=&quot;dx-scheduler-date-table-cell-text&quot;
                              &gt;
                                20
                              &lt;/div&gt;
                            &lt;/td&gt;
                            &lt;td
                              class=&quot;dx-scheduler-cell-sizes-horizontal dx-scheduler-cell-sizes-vertical dx-scheduler-date-table-cell &quot;
                            &gt;
                              &lt;div
                                class=&quot;dx-scheduler-date-table-cell-text&quot;
                              &gt;
                                21
                              &lt;/div&gt;
                            &lt;/td&gt;
                            &lt;td
                              class=&quot;dx-scheduler-last-group-cell dx-scheduler-cell-sizes-horizontal dx-scheduler-cell-sizes-vertical dx-scheduler-date-table-cell &quot;
                            &gt;
                              &lt;div
                                class=&quot;dx-scheduler-date-table-cell-text&quot;
                              &gt;
                                22
                              &lt;/div&gt;
                            &lt;/td&gt;
                          &lt;/tr&gt;
                          &lt;tr
                            class=&quot;dx-scheduler-date-table-row&quot;
                          &gt;
                            &lt;td
                              class=&quot;dx-scheduler-first-group-cell dx-scheduler-cell-sizes-horizontal dx-scheduler-cell-sizes-vertical dx-scheduler-date-table-cell &quot;
                            &gt;
                              &lt;div
                                class=&quot;dx-scheduler-date-table-cell-text&quot;
                              &gt;
                                23
                              &lt;/div&gt;
                            &lt;/td&gt;
                            &lt;td
                              class=&quot;dx-scheduler-cell-sizes-horizontal dx-scheduler-cell-sizes-vertical dx-scheduler-date-table-cell &quot;
                            &gt;
                              &lt;div
                                class=&quot;dx-scheduler-date-table-cell-text&quot;
                              &gt;
                                24
                              &lt;/div&gt;
                            &lt;/td&gt;
                            &lt;td
                              class=&quot;dx-scheduler-cell-sizes-horizontal dx-scheduler-cell-sizes-vertical dx-scheduler-date-table-cell &quot;
                            &gt;
                              &lt;div
                                class=&quot;dx-scheduler-date-table-cell-text&quot;
                              &gt;
                                25
                              &lt;/div&gt;
                            &lt;/td&gt;
                            &lt;td
                              class=&quot;dx-scheduler-cell-sizes-horizontal dx-scheduler-cell-sizes-vertical dx-scheduler-date-table-cell &quot;
                            &gt;
                              &lt;div
                                class=&quot;dx-scheduler-date-table-cell-text&quot;
                              &gt;
                                26
                              &lt;/div&gt;
                            &lt;/td&gt;
                            &lt;td
                              class=&quot;dx-scheduler-cell-sizes-horizontal dx-scheduler-cell-sizes-vertical dx-scheduler-date-table-cell dx-scheduler-date-table-current-date&quot;
                            &gt;
                              &lt;div
                                class=&quot;dx-scheduler-date-table-cell-text&quot;
                              &gt;
                                27
                              &lt;/div&gt;
                            &lt;/td&gt;
                            &lt;td
                              class=&quot;dx-scheduler-cell-sizes-horizontal dx-scheduler-cell-sizes-vertical dx-scheduler-date-table-cell &quot;
                            &gt;
                              &lt;div
                                class=&quot;dx-scheduler-date-table-cell-text&quot;
                              &gt;
                                28
                              &lt;/div&gt;
                            &lt;/td&gt;
                            &lt;td
                              class=&quot;dx-scheduler-last-group-cell dx-scheduler-cell-sizes-horizontal dx-scheduler-cell-sizes-vertical dx-scheduler-date-table-cell &quot;
                            &gt;
                              &lt;div
                                class=&quot;dx-scheduler-date-table-cell-text&quot;
                              &gt;
                                29
                              &lt;/div&gt;
                            &lt;/td&gt;
                          &lt;/tr&gt;
                          &lt;tr
                            class=&quot;dx-scheduler-date-table-row&quot;
                          &gt;
                            &lt;td
                              class=&quot;dx-scheduler-first-group-cell dx-scheduler-cell-sizes-horizontal dx-scheduler-cell-sizes-vertical dx-scheduler-date-table-cell &quot;
                            &gt;
                              &lt;div
                                class=&quot;dx-scheduler-date-table-cell-text&quot;
                              &gt;
                                30
                              &lt;/div&gt;
                            &lt;/td&gt;
                            &lt;td
                              class=&quot;dx-scheduler-cell-sizes-horizontal dx-scheduler-cell-sizes-vertical dx-scheduler-date-table-cell &quot;
                            &gt;
                              &lt;div
                                class=&quot;dx-scheduler-date-table-cell-text&quot;
                              &gt;
                                31
                              &lt;/div&gt;
                            &lt;/td&gt;
                            &lt;td
                              class=&quot;dx-scheduler-cell-sizes-horizontal dx-scheduler-cell-sizes-vertical dx-scheduler-date-table-cell dx-scheduler-date-table-other-month&quot;
                            &gt;
                              &lt;div
                                class=&quot;dx-scheduler-date-table-cell-text&quot;
                              &gt;
                                01
                              &lt;/div&gt;
                            &lt;/td&gt;
                            &lt;td
                              class=&quot;dx-scheduler-cell-sizes-horizontal dx-scheduler-cell-sizes-vertical dx-scheduler-date-table-cell dx-scheduler-date-table-other-month&quot;
                            &gt;
                              &lt;div
                                class=&quot;dx-scheduler-date-table-cell-text&quot;
                              &gt;
                                02
                              &lt;/div&gt;
                            &lt;/td&gt;
                            &lt;td
                              class=&quot;dx-scheduler-cell-sizes-horizontal dx-scheduler-cell-sizes-vertical dx-scheduler-date-table-cell dx-scheduler-date-table-other-month&quot;
                            &gt;
                              &lt;div
                                class=&quot;dx-scheduler-date-table-cell-text&quot;
                              &gt;
                                03
                              &lt;/div&gt;
                            &lt;/td&gt;
                            &lt;td
                              class=&quot;dx-scheduler-cell-sizes-horizontal dx-scheduler-cell-sizes-vertical dx-scheduler-date-table-cell dx-scheduler-date-table-other-month&quot;
                            &gt;
                              &lt;div
                                class=&quot;dx-scheduler-date-table-cell-text&quot;
                              &gt;
                                04
                              &lt;/div&gt;
                            &lt;/td&gt;
                            &lt;td
                              class=&quot;dx-scheduler-last-group-cell dx-scheduler-cell-sizes-horizontal dx-scheduler-cell-sizes-vertical dx-scheduler-date-table-cell dx-scheduler-date-table-other-month&quot;
                            &gt;
                              &lt;div
                                class=&quot;dx-scheduler-date-table-cell-text&quot;
                              &gt;
                                05
                              &lt;/div&gt;
                            &lt;/td&gt;
                          &lt;/tr&gt;
                        &lt;/tbody&gt;
                      &lt;/table&gt;
                      &lt;div
                        class=&quot;dx-scheduler-scrollable-appointments dx-widget dx-collection&quot;
                      /&gt;
                    &lt;/div&gt;
                  &lt;/div&gt;
                &lt;/div&gt;
                &lt;div
                  class=&quot;dx-scrollable-scrollbar dx-widget dx-scrollbar-vertical dx-scrollbar-hoverable&quot;
                &gt;
                  &lt;div
                    class=&quot;dx-scrollable-scroll dx-state-invisible&quot;
                    style=&quot;height: 15px; transform: translate(0px, 0px);&quot;
                  &gt;
                    &lt;div
                      class=&quot;dx-scrollable-scroll-content&quot;
                    /&gt;
                  &lt;/div&gt;
                &lt;/div&gt;
              &lt;/div&gt;
            &lt;/div&gt;
          &lt;/div&gt;
        &lt;/div&gt;
      &lt;/div&gt;
    &lt;/div&gt;
  &lt;/div&gt;
&lt;/body&gt;
    at waitForWrapper (C:\Users\MFarhan.AbdulHadi\Documents\GitHub\schedular\node_modules\@testing-library\dom\dist\wait-for.js:160:27)
    at C:\Users\MFarhan.AbdulHadi\Documents\GitHub\schedular\node_modules\@testing-library\dom\dist\query-helpers.js:86:33
    at Object.findAllByRole (C:\Users\MFarhan.AbdulHadi\Documents\GitHub\schedular\src\App.test.tsx:53:27)
    at runNextTicks (node:internal/process/task_queues:61:5)
    at processTimers (node:internal/timers:499:9)</failure>
    </testcase>
  </testsuite>
</testsuites>