<?xml version="1.0" encoding="UTF-8"?>
<testsuites name="jest tests" tests="2" failures="1" errors="0" time="9.016">
  <testsuite name="undefined" errors="0" failures="1" skipped="0" timestamp="2023-07-27T10:22:24" time="8.112" tests="2">
    <testcase classname=" Show App Component" name=" Show App Component" time="0.551">
    </testcase>
    <testcase classname=" should be rendered with 3 records" name=" should be rendered with 3 records" time="1.465">
      <failure>Error: Unable to find role=&quot;appointment&quot;

Ignored nodes: comments, script, style
&lt;body
  class=&quot;dx-device-desktop dx-device-generic&quot;
&gt;
  &lt;div&gt;
    &lt;p&gt;
      Calendar
    &lt;/p&gt;
    &lt;div
      class=&quot;dx-scheduler dx-widget dx-visibility-change-handler dx-scheduler-small&quot;
      style=&quot;height: 600px;&quot;
    &gt;
      &lt;div
        class=&quot;dx-scheduler-container&quot;
      &gt;
        &lt;div
          class=&quot;dx-scheduler-header dx-widget&quot;
          tabindex=&quot;0&quot;
        &gt;
          &lt;div
            class=&quot;dx-widget dx-scheduler-navigator-calendar-popover dx-overlay dx-popup dx-popover dx-state-invisible dx-visibility-change-handler&quot;
            tabindex=&quot;0&quot;
          &gt;
            &lt;div
              aria-hidden=&quot;true&quot;
              class=&quot;dx-overlay-content dx-popup-fullscreen-width dx-popup-normal&quot;
              style=&quot;width: auto; height: auto;&quot;
            &gt;
              &lt;div
                class=&quot;dx-popover-arrow&quot;
              /&gt;
              &lt;div
                class=&quot;dx-popup-content&quot;
              /&gt;
            &lt;/div&gt;
          &lt;/div&gt;
          &lt;div
            class=&quot;dx-toolbar dx-widget dx-visibility-change-handler dx-collection&quot;
            role=&quot;toolbar&quot;
          &gt;
            &lt;div
              class=&quot;dx-toolbar-items-container&quot;
            &gt;
              &lt;div
                class=&quot;dx-toolbar-before&quot;
              &gt;
                &lt;div
                  class=&quot;dx-item dx-toolbar-item dx-toolbar-button dx-scheduler-navigator&quot;
                &gt;
                  &lt;div
                    class=&quot;dx-item-content dx-toolbar-item-content&quot;
                  &gt;
                    &lt;div
                      class=&quot;dx-buttongroup dx-widget&quot;
                      role=&quot;group&quot;
                      tabindex=&quot;0&quot;
                    &gt;
                      &lt;div
                        class=&quot;dx-buttongroup-wrapper dx-widget dx-collection&quot;
                      &gt;
                        &lt;div
                          aria-label=&quot;chevronprev&quot;
                          class=&quot;dx-widget dx-button dx-button-mode-contained dx-button-normal dx-button-has-icon dx-item dx-buttongroup-item dx-item-content dx-buttongroup-item-content dx-buttongroup-first-item dx-shape-standard dx-scheduler-navigator-previous&quot;
                          role=&quot;button&quot;
                        &gt;
                          &lt;div
                            class=&quot;dx-button-content&quot;
                          &gt;
                            &lt;i
                              class=&quot;dx-icon dx-icon-chevronprev&quot;
                            /&gt;
                          &lt;/div&gt;
                        &lt;/div&gt;
                        &lt;div
                          aria-label=&quot;July 2023&quot;
                          class=&quot;dx-widget dx-button dx-button-mode-contained dx-button-normal dx-button-has-text dx-item dx-buttongroup-item dx-item-content dx-buttongroup-item-content dx-shape-standard dx-scheduler-navigator-caption&quot;
                          role=&quot;button&quot;
                        &gt;
                          &lt;div
                            class=&quot;dx-button-content&quot;
                          &gt;
                            &lt;span
                              class=&quot;dx-button-text&quot;
                            &gt;
                              July 2023
                            &lt;/span&gt;
                          &lt;/div&gt;
                        &lt;/div&gt;
                        &lt;div
                          aria-label=&quot;chevronnext&quot;
                          class=&quot;dx-widget dx-button dx-button-mode-contained dx-button-normal dx-button-has-icon dx-item dx-buttongroup-item dx-item-content dx-buttongroup-item-content dx-buttongroup-last-item dx-shape-standard dx-scheduler-navigator-next&quot;
                          role=&quot;button&quot;
                        &gt;
                          &lt;div
                            class=&quot;dx-button-content&quot;
                          &gt;
                            &lt;i
                              class=&quot;dx-icon dx-icon-chevronnext&quot;
                            /&gt;
                          &lt;/div&gt;
                        &lt;/div&gt;
                      &lt;/div&gt;
                    &lt;/div&gt;
                  &lt;/div&gt;
                &lt;/div&gt;
              &lt;/div&gt;
              &lt;div
                class=&quot;dx-toolbar-center&quot;
              /&gt;
              &lt;div
                class=&quot;dx-toolbar-after&quot;
              &gt;
                &lt;div
                  class=&quot;dx-item dx-toolbar-item dx-toolbar-button dx-scheduler-view-switcher dx-toolbar-item-auto-hide&quot;
                &gt;
                  &lt;div
                    class=&quot;dx-item-content dx-toolbar-item-content&quot;
                  &gt;
                    &lt;div
                      class=&quot;dx-buttongroup dx-widget&quot;
                      role=&quot;group&quot;
                      tabindex=&quot;0&quot;
                    &gt;
                      &lt;div
                        class=&quot;dx-buttongroup-wrapper dx-widget dx-collection&quot;
                      &gt;
                        &lt;div
                          aria-label=&quot;Month&quot;
                          aria-selected=&quot;true&quot;
                          class=&quot;dx-widget dx-button dx-button-mode-contained dx-button-normal dx-button-has-text dx-item dx-buttongroup-item dx-item-content dx-buttongroup-item-content dx-buttongroup-first-item dx-buttongroup-last-item dx-shape-standard dx-item-selected&quot;
     ...
    at waitForWrapper (/project/scheduler-debug/node_modules/@testing-library/dom/dist/wait-for.js:160:27)
    at /project/scheduler-debug/node_modules/@testing-library/dom/dist/query-helpers.js:86:33
    at Object.findAllByRole (/project/scheduler-debug/src/App.test.tsx:50:27)
    at runNextTicks (node:internal/process/task_queues:61:5)
    at listOnTimeout (node:internal/timers:528:9)
    at processTimers (node:internal/timers:502:7)</failure>
    </testcase>
  </testsuite>
</testsuites>